0 info it worked if it ends with ok
1 verbose cli [ '/usr/local/bin/node',
1 verbose cli   '/usr/local/bin/npm',
1 verbose cli   'install',
1 verbose cli   '-S',
1 verbose cli   'bourbon' ]
2 info using npm@3.3.12
3 info using node@v5.2.0
4 verbose config Skipping project config: /Users/nigelbunner/.npmrc. (matches userconfig)
5 silly loadCurrentTree Starting
6 silly install loadCurrentTree
7 silly install readLocalPackageData
8 silly fetchPackageMetaData bourbon
9 silly fetchNamedPackageData bourbon
10 silly mapToRegistry name bourbon
11 silly mapToRegistry using default registry
12 silly mapToRegistry registry https://registry.npmjs.org/
13 silly mapToRegistry uri https://registry.npmjs.org/bourbon
14 verbose request uri https://registry.npmjs.org/bourbon
15 verbose request no auth needed
16 info attempt registry request try #1 at 8:31:05 PM
17 verbose request id 754607f97fb3cc57
18 verbose etag W/"595bed40-7b45"
19 verbose lastModified Tue, 04 Jul 2017 19:32:16 GMT
20 http request GET https://registry.npmjs.org/bourbon
21 http 304 https://registry.npmjs.org/bourbon
22 verbose headers { date: 'Sun, 10 Sep 2017 19:31:05 GMT',
22 verbose headers   via: '1.1 varnish',
22 verbose headers   'cache-control': 'max-age=300',
22 verbose headers   etag: 'W/"595bed40-7b45"',
22 verbose headers   age: '0',
22 verbose headers   connection: 'keep-alive',
22 verbose headers   'x-served-by': 'cache-lcy1134-LCY',
22 verbose headers   'x-cache': 'HIT',
22 verbose headers   'x-cache-hits': '1',
22 verbose headers   'x-timer': 'S1505071865.475552,VS0,VE19',
22 verbose headers   vary: 'Accept-Encoding, Accept' }
23 silly get cb [ 304,
23 silly get   { date: 'Sun, 10 Sep 2017 19:31:05 GMT',
23 silly get     via: '1.1 varnish',
23 silly get     'cache-control': 'max-age=300',
23 silly get     etag: 'W/"595bed40-7b45"',
23 silly get     age: '0',
23 silly get     connection: 'keep-alive',
23 silly get     'x-served-by': 'cache-lcy1134-LCY',
23 silly get     'x-cache': 'HIT',
23 silly get     'x-cache-hits': '1',
23 silly get     'x-timer': 'S1505071865.475552,VS0,VE19',
23 silly get     vary: 'Accept-Encoding, Accept' } ]
24 verbose etag https://registry.npmjs.org/bourbon from cache
25 verbose get saving bourbon to /Users/nigelbunner/.npm/registry.npmjs.org/bourbon/.cache.json
26 silly install normalizeTree
27 silly loadCurrentTree Finishing
28 silly loadIdealTree Starting
29 silly install loadIdealTree
30 silly cloneCurrentTree Starting
31 silly install cloneCurrentTreeToIdealTree
32 silly cloneCurrentTree Finishing
33 silly loadShrinkwrap Starting
34 silly install loadShrinkwrap
35 silly loadShrinkwrap Finishing
36 silly loadAllDepsIntoIdealTree Starting
37 silly install loadAllDepsIntoIdealTree
38 silly resolveWithNewModule bourbon@4.3.4 checking installable status
39 silly cache add args [ 'bourbon', null ]
40 verbose cache add spec bourbon
41 silly cache add parsed spec Result {
41 silly cache add   raw: 'bourbon',
41 silly cache add   scope: null,
41 silly cache add   name: 'bourbon',
41 silly cache add   rawSpec: '',
41 silly cache add   spec: '*',
41 silly cache add   type: 'range' }
42 silly addNamed bourbon@*
43 verbose addNamed "*" is a valid semver range for bourbon
44 silly addNameRange { name: 'bourbon', range: '*', hasData: false }
45 silly mapToRegistry name bourbon
46 silly mapToRegistry using default registry
47 silly mapToRegistry registry https://registry.npmjs.org/
48 silly mapToRegistry uri https://registry.npmjs.org/bourbon
49 verbose addNameRange registry:https://registry.npmjs.org/bourbon not in flight; fetching
50 verbose get https://registry.npmjs.org/bourbon not expired, no request
51 silly addNameRange number 2 { name: 'bourbon', range: '*', hasData: true }
52 silly addNameRange versions [ 'bourbon',
52 silly addNameRange   [ '4.1.1',
52 silly addNameRange     '4.2.0-pre',
52 silly addNameRange     '4.2.0-beta',
52 silly addNameRange     '4.2.0',
52 silly addNameRange     '4.2.1',
52 silly addNameRange     '4.2.2',
52 silly addNameRange     '4.2.3',
52 silly addNameRange     '4.2.4',
52 silly addNameRange     '4.2.5',
52 silly addNameRange     '4.2.6',
52 silly addNameRange     '5.0.0-beta.4',
52 silly addNameRange     '5.0.0-beta.5',
52 silly addNameRange     '4.2.7',
52 silly addNameRange     '5.0.0-beta.6',
52 silly addNameRange     '5.0.0-beta.7',
52 silly addNameRange     '4.3.0',
52 silly addNameRange     '4.3.1',
52 silly addNameRange     '4.3.2',
52 silly addNameRange     '4.3.3',
52 silly addNameRange     '4.3.4',
52 silly addNameRange     '5.0.0-beta.8' ] ]
53 silly addNamed bourbon@4.3.4
54 verbose addNamed "4.3.4" is a plain semver version for bourbon
55 silly cache afterAdd bourbon@4.3.4
56 verbose afterAdd /Users/nigelbunner/.npm/bourbon/4.3.4/package/package.json not in flight; writing
57 verbose afterAdd /Users/nigelbunner/.npm/bourbon/4.3.4/package/package.json written
58 silly loadAllDepsIntoIdealTree Finishing
59 silly idealTree:prePrune nigelbunner
59 silly idealTree:prePrune ├── align-text@0.1.3
59 silly idealTree:prePrune ├── ansi-regex@2.0.0
59 silly idealTree:prePrune ├── ansi-styles@2.1.0
59 silly idealTree:prePrune ├── async@0.2.10
59 silly idealTree:prePrune ├── balanced-match@0.3.0
59 silly idealTree:prePrune ├── bourbon@4.3.4
59 silly idealTree:prePrune ├── brace-expansion@1.1.2
59 silly idealTree:prePrune ├── browserify-zlib@0.1.4
59 silly idealTree:prePrune ├── builtin-modules@1.1.0
59 silly idealTree:prePrune ├── camelcase-keys@2.0.0
59 silly idealTree:prePrune ├── camelcase@2.0.1
59 silly idealTree:prePrune ├── center-align@0.1.2
59 silly idealTree:prePrune ├── chalk@1.1.1
59 silly idealTree:prePrune ├── cliui@2.1.0
59 silly idealTree:prePrune ├── concat-map@0.0.1
59 silly idealTree:prePrune ├── concat-stream@1.5.1
59 silly idealTree:prePrune ├── core-util-is@1.0.2
59 silly idealTree:prePrune ├── decamelize@1.1.1
59 silly idealTree:prePrune ├── error-ex@1.3.0
59 silly idealTree:prePrune ├── escape-string-regexp@1.0.3
59 silly idealTree:prePrune ├── figures@1.4.0
59 silly idealTree:prePrune ├── find-up@1.1.0
59 silly idealTree:prePrune ├── get-stdin@4.0.1
59 silly idealTree:prePrune ├── glob@5.0.15
59 silly idealTree:prePrune ├── graceful-fs@4.1.2
59 silly idealTree:prePrune ├── grunt-contrib-clean@0.7.0
59 silly idealTree:prePrune ├── grunt-contrib-uglify@0.11.0
59 silly idealTree:prePrune ├── gzip-size@1.0.0
59 silly idealTree:prePrune ├── has-ansi@2.0.0
59 silly idealTree:prePrune ├── hosted-git-info@2.1.4
59 silly idealTree:prePrune ├── indent-string@2.1.0
59 silly idealTree:prePrune ├── inflight@1.0.4
59 silly idealTree:prePrune ├── inherits@2.0.1
59 silly idealTree:prePrune ├── is-arrayish@0.2.1
59 silly idealTree:prePrune ├── is-buffer@1.1.0
59 silly idealTree:prePrune ├── is-builtin-module@1.0.0
59 silly idealTree:prePrune ├── is-finite@1.0.1
59 silly idealTree:prePrune ├── is-utf8@0.2.0
59 silly idealTree:prePrune ├── isarray@0.0.1
59 silly idealTree:prePrune ├── kind-of@2.0.1
59 silly idealTree:prePrune ├── lazy-cache@0.2.7
59 silly idealTree:prePrune ├── load-json-file@1.1.0
59 silly idealTree:prePrune ├── lodash@3.10.1
59 silly idealTree:prePrune ├── longest@1.0.1
59 silly idealTree:prePrune ├── loud-rejection@1.2.0
59 silly idealTree:prePrune ├── map-obj@1.0.1
59 silly idealTree:prePrune ├── maxmin@1.1.0
59 silly idealTree:prePrune ├── meow@3.6.0
59 silly idealTree:prePrune ├── minimatch@3.0.0
59 silly idealTree:prePrune ├── minimist@1.2.0
59 silly idealTree:prePrune ├── normalize-package-data@2.3.5
59 silly idealTree:prePrune ├── number-is-nan@1.0.0
59 silly idealTree:prePrune ├── object-assign@4.0.1
59 silly idealTree:prePrune ├── once@1.3.3
59 silly idealTree:prePrune ├── pako@0.2.8
59 silly idealTree:prePrune ├── parse-json@2.2.0
59 silly idealTree:prePrune ├── path-exists@2.1.0
59 silly idealTree:prePrune ├── path-is-absolute@1.0.0
59 silly idealTree:prePrune ├── path-type@1.1.0
59 silly idealTree:prePrune ├── pify@2.3.0
59 silly idealTree:prePrune ├── pinkie-promise@2.0.0
59 silly idealTree:prePrune ├── pinkie@2.0.1
59 silly idealTree:prePrune ├── pretty-bytes@1.0.4
59 silly idealTree:prePrune ├── process-nextick-args@1.0.6
59 silly idealTree:prePrune ├── read-pkg-up@1.0.1
59 silly idealTree:prePrune ├── read-pkg@1.1.0
59 silly idealTree:prePrune ├── readable-stream@2.0.5
59 silly idealTree:prePrune ├── redent@1.0.0
59 silly idealTree:prePrune ├── repeat-string@1.5.2
59 silly idealTree:prePrune ├── repeating@2.0.0
59 silly idealTree:prePrune ├── right-align@0.1.3
59 silly idealTree:prePrune ├── rimraf@2.4.4
59 silly idealTree:prePrune ├── semver@5.1.0
59 silly idealTree:prePrune ├── signal-exit@2.1.2
59 silly idealTree:prePrune ├── source-map@0.5.3
59 silly idealTree:prePrune ├── spdx-correct@1.0.2
59 silly idealTree:prePrune ├── spdx-exceptions@1.0.4
59 silly idealTree:prePrune ├── spdx-expression-parse@1.0.2
59 silly idealTree:prePrune ├── spdx-license-ids@1.1.0
59 silly idealTree:prePrune ├── string_decoder@0.10.31
59 silly idealTree:prePrune ├── strip-ansi@3.0.0
59 silly idealTree:prePrune ├── strip-bom@2.0.0
59 silly idealTree:prePrune ├── strip-indent@1.0.1
59 silly idealTree:prePrune ├── supports-color@2.0.0
59 silly idealTree:prePrune ├── trim-newlines@1.0.0
59 silly idealTree:prePrune ├── typedarray@0.0.6
59 silly idealTree:prePrune ├── uglify-js@2.6.1
59 silly idealTree:prePrune ├── uglify-to-browserify@1.0.2
59 silly idealTree:prePrune ├── uri-path@1.0.0
59 silly idealTree:prePrune ├── util-deprecate@1.0.2
59 silly idealTree:prePrune ├── validate-npm-package-license@3.0.1
59 silly idealTree:prePrune ├── window-size@0.1.0
59 silly idealTree:prePrune ├── wordwrap@0.0.2
59 silly idealTree:prePrune ├── wrappy@1.0.1
59 silly idealTree:prePrune └─┬ yargs@3.10.0
59 silly idealTree:prePrune   └── camelcase@1.2.1
60 silly loadIdealTree Finishing
61 silly currentTree nigelbunner
61 silly currentTree ├── align-text@0.1.3
61 silly currentTree ├── ansi-regex@2.0.0
61 silly currentTree ├── ansi-styles@2.1.0
61 silly currentTree ├── async@0.2.10
61 silly currentTree ├── balanced-match@0.3.0
61 silly currentTree ├── brace-expansion@1.1.2
61 silly currentTree ├── browserify-zlib@0.1.4
61 silly currentTree ├── builtin-modules@1.1.0
61 silly currentTree ├── camelcase-keys@2.0.0
61 silly currentTree ├── camelcase@2.0.1
61 silly currentTree ├── center-align@0.1.2
61 silly currentTree ├── chalk@1.1.1
61 silly currentTree ├── cliui@2.1.0
61 silly currentTree ├── concat-map@0.0.1
61 silly currentTree ├── concat-stream@1.5.1
61 silly currentTree ├── core-util-is@1.0.2
61 silly currentTree ├── decamelize@1.1.1
61 silly currentTree ├── error-ex@1.3.0
61 silly currentTree ├── escape-string-regexp@1.0.3
61 silly currentTree ├── figures@1.4.0
61 silly currentTree ├── find-up@1.1.0
61 silly currentTree ├── get-stdin@4.0.1
61 silly currentTree ├── glob@5.0.15
61 silly currentTree ├── graceful-fs@4.1.2
61 silly currentTree ├── grunt-contrib-clean@0.7.0
61 silly currentTree ├── grunt-contrib-uglify@0.11.0
61 silly currentTree ├── gzip-size@1.0.0
61 silly currentTree ├── has-ansi@2.0.0
61 silly currentTree ├── hosted-git-info@2.1.4
61 silly currentTree ├── indent-string@2.1.0
61 silly currentTree ├── inflight@1.0.4
61 silly currentTree ├── inherits@2.0.1
61 silly currentTree ├── is-arrayish@0.2.1
61 silly currentTree ├── is-buffer@1.1.0
61 silly currentTree ├── is-builtin-module@1.0.0
61 silly currentTree ├── is-finite@1.0.1
61 silly currentTree ├── is-utf8@0.2.0
61 silly currentTree ├── isarray@0.0.1
61 silly currentTree ├── kind-of@2.0.1
61 silly currentTree ├── lazy-cache@0.2.7
61 silly currentTree ├── load-json-file@1.1.0
61 silly currentTree ├── lodash@3.10.1
61 silly currentTree ├── longest@1.0.1
61 silly currentTree ├── loud-rejection@1.2.0
61 silly currentTree ├── map-obj@1.0.1
61 silly currentTree ├── maxmin@1.1.0
61 silly currentTree ├── meow@3.6.0
61 silly currentTree ├── minimatch@3.0.0
61 silly currentTree ├── minimist@1.2.0
61 silly currentTree ├── normalize-package-data@2.3.5
61 silly currentTree ├── number-is-nan@1.0.0
61 silly currentTree ├── object-assign@4.0.1
61 silly currentTree ├── once@1.3.3
61 silly currentTree ├── pako@0.2.8
61 silly currentTree ├── parse-json@2.2.0
61 silly currentTree ├── path-exists@2.1.0
61 silly currentTree ├── path-is-absolute@1.0.0
61 silly currentTree ├── path-type@1.1.0
61 silly currentTree ├── pify@2.3.0
61 silly currentTree ├── pinkie-promise@2.0.0
61 silly currentTree ├── pinkie@2.0.1
61 silly currentTree ├── pretty-bytes@1.0.4
61 silly currentTree ├── process-nextick-args@1.0.6
61 silly currentTree ├── read-pkg-up@1.0.1
61 silly currentTree ├── read-pkg@1.1.0
61 silly currentTree ├── readable-stream@2.0.5
61 silly currentTree ├── redent@1.0.0
61 silly currentTree ├── repeat-string@1.5.2
61 silly currentTree ├── repeating@2.0.0
61 silly currentTree ├── right-align@0.1.3
61 silly currentTree ├── rimraf@2.4.4
61 silly currentTree ├── semver@5.1.0
61 silly currentTree ├── signal-exit@2.1.2
61 silly currentTree ├── source-map@0.5.3
61 silly currentTree ├── spdx-correct@1.0.2
61 silly currentTree ├── spdx-exceptions@1.0.4
61 silly currentTree ├── spdx-expression-parse@1.0.2
61 silly currentTree ├── spdx-license-ids@1.1.0
61 silly currentTree ├── string_decoder@0.10.31
61 silly currentTree ├── strip-ansi@3.0.0
61 silly currentTree ├── strip-bom@2.0.0
61 silly currentTree ├── strip-indent@1.0.1
61 silly currentTree ├── supports-color@2.0.0
61 silly currentTree ├── trim-newlines@1.0.0
61 silly currentTree ├── typedarray@0.0.6
61 silly currentTree ├── uglify-js@2.6.1
61 silly currentTree ├── uglify-to-browserify@1.0.2
61 silly currentTree ├── uri-path@1.0.0
61 silly currentTree ├── util-deprecate@1.0.2
61 silly currentTree ├── validate-npm-package-license@3.0.1
61 silly currentTree ├── window-size@0.1.0
61 silly currentTree ├── wordwrap@0.0.2
61 silly currentTree ├── wrappy@1.0.1
61 silly currentTree └─┬ yargs@3.10.0
61 silly currentTree   └── camelcase@1.2.1
62 silly idealTree nigelbunner
62 silly idealTree ├── align-text@0.1.3
62 silly idealTree ├── ansi-regex@2.0.0
62 silly idealTree ├── ansi-styles@2.1.0
62 silly idealTree ├── async@0.2.10
62 silly idealTree ├── balanced-match@0.3.0
62 silly idealTree ├── bourbon@4.3.4
62 silly idealTree ├── brace-expansion@1.1.2
62 silly idealTree ├── browserify-zlib@0.1.4
62 silly idealTree ├── builtin-modules@1.1.0
62 silly idealTree ├── camelcase-keys@2.0.0
62 silly idealTree ├── camelcase@2.0.1
62 silly idealTree ├── center-align@0.1.2
62 silly idealTree ├── chalk@1.1.1
62 silly idealTree ├── cliui@2.1.0
62 silly idealTree ├── concat-map@0.0.1
62 silly idealTree ├── concat-stream@1.5.1
62 silly idealTree ├── core-util-is@1.0.2
62 silly idealTree ├── decamelize@1.1.1
62 silly idealTree ├── error-ex@1.3.0
62 silly idealTree ├── escape-string-regexp@1.0.3
62 silly idealTree ├── figures@1.4.0
62 silly idealTree ├── find-up@1.1.0
62 silly idealTree ├── get-stdin@4.0.1
62 silly idealTree ├── glob@5.0.15
62 silly idealTree ├── graceful-fs@4.1.2
62 silly idealTree ├── grunt-contrib-clean@0.7.0
62 silly idealTree ├── grunt-contrib-uglify@0.11.0
62 silly idealTree ├── gzip-size@1.0.0
62 silly idealTree ├── has-ansi@2.0.0
62 silly idealTree ├── hosted-git-info@2.1.4
62 silly idealTree ├── indent-string@2.1.0
62 silly idealTree ├── inflight@1.0.4
62 silly idealTree ├── inherits@2.0.1
62 silly idealTree ├── is-arrayish@0.2.1
62 silly idealTree ├── is-buffer@1.1.0
62 silly idealTree ├── is-builtin-module@1.0.0
62 silly idealTree ├── is-finite@1.0.1
62 silly idealTree ├── is-utf8@0.2.0
62 silly idealTree ├── isarray@0.0.1
62 silly idealTree ├── kind-of@2.0.1
62 silly idealTree ├── lazy-cache@0.2.7
62 silly idealTree ├── load-json-file@1.1.0
62 silly idealTree ├── lodash@3.10.1
62 silly idealTree ├── longest@1.0.1
62 silly idealTree ├── loud-rejection@1.2.0
62 silly idealTree ├── map-obj@1.0.1
62 silly idealTree ├── maxmin@1.1.0
62 silly idealTree ├── meow@3.6.0
62 silly idealTree ├── minimatch@3.0.0
62 silly idealTree ├── minimist@1.2.0
62 silly idealTree ├── normalize-package-data@2.3.5
62 silly idealTree ├── number-is-nan@1.0.0
62 silly idealTree ├── object-assign@4.0.1
62 silly idealTree ├── once@1.3.3
62 silly idealTree ├── pako@0.2.8
62 silly idealTree ├── parse-json@2.2.0
62 silly idealTree ├── path-exists@2.1.0
62 silly idealTree ├── path-is-absolute@1.0.0
62 silly idealTree ├── path-type@1.1.0
62 silly idealTree ├── pify@2.3.0
62 silly idealTree ├── pinkie-promise@2.0.0
62 silly idealTree ├── pinkie@2.0.1
62 silly idealTree ├── pretty-bytes@1.0.4
62 silly idealTree ├── process-nextick-args@1.0.6
62 silly idealTree ├── read-pkg-up@1.0.1
62 silly idealTree ├── read-pkg@1.1.0
62 silly idealTree ├── readable-stream@2.0.5
62 silly idealTree ├── redent@1.0.0
62 silly idealTree ├── repeat-string@1.5.2
62 silly idealTree ├── repeating@2.0.0
62 silly idealTree ├── right-align@0.1.3
62 silly idealTree ├── rimraf@2.4.4
62 silly idealTree ├── semver@5.1.0
62 silly idealTree ├── signal-exit@2.1.2
62 silly idealTree ├── source-map@0.5.3
62 silly idealTree ├── spdx-correct@1.0.2
62 silly idealTree ├── spdx-exceptions@1.0.4
62 silly idealTree ├── spdx-expression-parse@1.0.2
62 silly idealTree ├── spdx-license-ids@1.1.0
62 silly idealTree ├── string_decoder@0.10.31
62 silly idealTree ├── strip-ansi@3.0.0
62 silly idealTree ├── strip-bom@2.0.0
62 silly idealTree ├── strip-indent@1.0.1
62 silly idealTree ├── supports-color@2.0.0
62 silly idealTree ├── trim-newlines@1.0.0
62 silly idealTree ├── typedarray@0.0.6
62 silly idealTree ├── uglify-js@2.6.1
62 silly idealTree ├── uglify-to-browserify@1.0.2
62 silly idealTree ├── uri-path@1.0.0
62 silly idealTree ├── util-deprecate@1.0.2
62 silly idealTree ├── validate-npm-package-license@3.0.1
62 silly idealTree ├── window-size@0.1.0
62 silly idealTree ├── wordwrap@0.0.2
62 silly idealTree ├── wrappy@1.0.1
62 silly idealTree └─┬ yargs@3.10.0
62 silly idealTree   └── camelcase@1.2.1
63 silly generateActionsToTake Starting
64 silly install generateActionsToTake
65 warn checkPermissions Missing write access to /Users/nigelbunner/node_modules
66 silly rollbackFailedOptional Starting
67 silly rollbackFailedOptional Finishing
68 silly runTopLevelLifecycles Starting
69 silly runTopLevelLifecycles Finishing
70 silly install printInstalled
71 warn ENOENT ENOENT: no such file or directory, open '/Users/nigelbunner/package.json'
72 warn EPEERINVALID grunt-contrib-clean@0.7.0 requires a peer of grunt@>=0.4.0 but none was installed.
73 warn EPEERINVALID grunt-contrib-uglify@0.11.0 requires a peer of grunt@>=0.4.0 but none was installed.
74 warn EPACKAGEJSON nigelbunner No description
75 warn EPACKAGEJSON nigelbunner No repository field.
76 warn EPACKAGEJSON nigelbunner No README data
77 warn EPACKAGEJSON nigelbunner No license field.
78 verbose stack Error: EACCES: permission denied, access '/Users/nigelbunner/node_modules'
78 verbose stack     at Error (native)
79 verbose cwd /Users/nigelbunner/Dropbox/Web Projects/nigelbunner
80 error Darwin 16.7.0
81 error argv "/usr/local/bin/node" "/usr/local/bin/npm" "install" "-S" "bourbon"
82 error node v5.2.0
83 error npm  v3.3.12
84 error path /Users/nigelbunner/node_modules
85 error code EACCES
86 error errno -13
87 error syscall access
88 error Error: EACCES: permission denied, access '/Users/nigelbunner/node_modules'
88 error     at Error (native)
88 error  { [Error: EACCES: permission denied, access '/Users/nigelbunner/node_modules']
88 error   errno: -13,
88 error   code: 'EACCES',
88 error   syscall: 'access',
88 error   path: '/Users/nigelbunner/node_modules' }
89 error Please try running this command again as root/Administrator.
90 verbose exit [ -13, true ]
